<?xml version="1.0" encoding="UTF-8"?>
<testng-results ignored="0" total="1" passed="1" failed="0" skipped="0">
  <reporter-output>
  </reporter-output>
  <suite started-at="2024-10-21T16:03:11 IST" name="Default suite" finished-at="2024-10-21T16:03:21 IST" duration-ms="10651">
    <groups>
    </groups>
    <test started-at="2024-10-21T16:03:11 IST" name="Default test" finished-at="2024-10-21T16:03:21 IST" duration-ms="10651">
      <class name="KishoreProjects.SwipeDemo">
        <test-method is-config="true" signature="configureAppium()[pri:0, instance:KishoreProjects.SwipeDemo@3ba987b8]" started-at="2024-10-21T16:03:11 IST" name="configureAppium" finished-at="2024-10-21T16:03:17 IST" duration-ms="5844" status="PASS">
          <reporter-output>
          </reporter-output>
        </test-method> <!-- configureAppium -->
        <test-method signature="swipeTest()[pri:0, instance:KishoreProjects.SwipeDemo@3ba987b8]" started-at="2024-10-21T16:03:17 IST" name="swipeTest" finished-at="2024-10-21T16:03:21 IST" duration-ms="4394" status="PASS">
          <reporter-output>
          </reporter-output>
        </test-method> <!-- swipeTest -->
        <test-method is-config="true" signature="tearDown()[pri:0, instance:KishoreProjects.SwipeDemo@3ba987b8]" started-at="2024-10-21T16:03:21 IST" name="tearDown" finished-at="2024-10-21T16:03:21 IST" duration-ms="380" status="PASS">
          <reporter-output>
          </reporter-output>
        </test-method> <!-- tearDown -->
      </class> <!-- KishoreProjects.SwipeDemo -->
    </test> <!-- Default test -->
  </suite> <!-- Default suite -->
</testng-results>
